message: {'train_accuracy': tensor(0.3156),
          'train_demographic_parity_Gender': tensor(0.0561),
          'train_demographic_parity_GenderAge': tensor(0.0596),
          'train_f1': tensor(0.3559),
          'train_loss': 0.70489901304245,
          'train_precision': tensor(0.7930),
          'train_recall': tensor(0.3156),
          'train_requirements': 0.215,
          'val_accuracy': tensor(0.3121),
          'val_demographic_parity_Gender': tensor(0.0421),
          'val_demographic_parity_GenderAge': tensor(0.0588),
          'val_f1': tensor(0.3529),
          'val_loss': 0.7052706480026245,
          'val_precision': tensor(0.7855),
          'val_recall': tensor(0.3121),
          'val_requirements': 0.216}
message: {'early_stopping': 0,
          'model_checkpoint': 1,
          'train_accuracy': tensor(0.8642),
          'train_demographic_parity_Gender': tensor(0.),
          'train_demographic_parity_GenderAge': tensor(0.),
          'train_f1': tensor(0.8013),
          'train_loss': 0.3200548589229584,
          'train_precision': tensor(0.7469),
          'train_recall': tensor(0.8642),
          'train_requirements': 0.066,
          'val_accuracy': tensor(0.8643),
          'val_demographic_parity_Gender': tensor(0.),
          'val_demographic_parity_GenderAge': tensor(0.),
          'val_f1': tensor(0.8014),
          'val_loss': 0.32096028327941895,
          'val_precision': tensor(0.7470),
          'val_recall': tensor(0.8643),
          'val_requirements': 0.066}
message: {'early_stopping': 0,
          'model_checkpoint': 0,
          'train_accuracy': tensor(0.8642),
          'train_demographic_parity_Gender': tensor(0.),
          'train_demographic_parity_GenderAge': tensor(0.),
          'train_f1': tensor(0.8013),
          'train_loss': 0.3165700137615204,
          'train_precision': tensor(0.7469),
          'train_recall': tensor(0.8642),
          'train_requirements': 0.066,
          'val_accuracy': tensor(0.8643),
          'val_demographic_parity_Gender': tensor(0.),
          'val_demographic_parity_GenderAge': tensor(0.),
          'val_f1': tensor(0.8014),
          'val_loss': 0.3175467550754547,
          'val_precision': tensor(0.7470),
          'val_recall': tensor(0.8643),
          'val_requirements': 0.066}
message: {'early_stopping': 0,
          'model_checkpoint': 0,
          'train_accuracy': tensor(0.8642),
          'train_demographic_parity_Gender': tensor(0.),
          'train_demographic_parity_GenderAge': tensor(0.),
          'train_f1': tensor(0.8013),
          'train_loss': 0.3161410093307495,
          'train_precision': tensor(0.7469),
          'train_recall': tensor(0.8642),
          'train_requirements': 0.066,
          'val_accuracy': tensor(0.8643),
          'val_demographic_parity_Gender': tensor(0.),
          'val_demographic_parity_GenderAge': tensor(0.),
          'val_f1': tensor(0.8014),
          'val_loss': 0.3167158365249634,
          'val_precision': tensor(0.7470),
          'val_recall': tensor(0.8643),
          'val_requirements': 0.066}
message: {'final_train_accuracy': tensor(0.8642),
          'final_train_demographic_parity_Gender': tensor(0.),
          'final_train_demographic_parity_GenderAge': tensor(0.),
          'final_train_f1': tensor(0.8013),
          'final_train_loss': 0.3200548589229584,
          'final_train_precision': tensor(0.7469),
          'final_train_recall': tensor(0.8642),
          'final_train_requirements': 0.066,
          'final_val_accuracy': tensor(0.8643),
          'final_val_demographic_parity_Gender': tensor(0.),
          'final_val_demographic_parity_GenderAge': tensor(0.),
          'final_val_f1': tensor(0.8014),
          'final_val_loss': 0.32096028327941895,
          'final_val_precision': tensor(0.7470),
          'final_val_recall': tensor(0.8643),
          'final_val_requirements': 0.066}
message: {'global_train_accuracy': tensor(0.8642),
          'global_train_demographic_parity_Gender': tensor(0.),
          'global_train_demographic_parity_GenderAge': tensor(0.),
          'global_train_f1': tensor(0.8013),
          'global_train_loss': 0.3200548589229584,
          'global_train_precision': tensor(0.7469),
          'global_train_recall': tensor(0.8642),
          'global_train_requirements': 0.066,
          'global_val_accuracy': tensor(0.8643),
          'global_val_demographic_parity_Gender': tensor(0.),
          'global_val_demographic_parity_GenderAge': tensor(0.),
          'global_val_f1': tensor(0.8014),
          'global_val_loss': 0.32096028327941895,
          'global_val_precision': tensor(0.7470),
          'global_val_recall': tensor(0.8643),
          'global_val_requirements': 0.066,
          'local_train_accuracy': tensor(0.8642),
          'local_train_demographic_parity_Gender': tensor(0.),
          'local_train_demographic_parity_GenderAge': tensor(0.),
          'local_train_f1': tensor(0.8013),
          'local_train_loss': 0.3200548589229584,
          'local_train_precision': tensor(0.7469),
          'local_train_recall': tensor(0.8642),
          'local_train_requirements': 0.066,
          'local_val_accuracy': tensor(0.8643),
          'local_val_demographic_parity_Gender': tensor(0.),
          'local_val_demographic_parity_GenderAge': tensor(0.),
          'local_val_f1': tensor(0.8014),
          'local_val_loss': 0.32096028327941895,
          'local_val_precision': tensor(0.7470),
          'local_val_recall': tensor(0.8643),
          'local_val_requirements': 0.066}
message: {'train_accuracy': tensor(0.8642),
          'train_demographic_parity_Gender': tensor(0.),
          'train_demographic_parity_GenderAge': tensor(0.),
          'train_f1': tensor(0.8013),
          'train_loss': 0.3200548589229584,
          'train_precision': tensor(0.7469),
          'train_recall': tensor(0.8642),
          'train_requirements': 0.066,
          'val_accuracy': tensor(0.8643),
          'val_demographic_parity_Gender': tensor(0.),
          'val_demographic_parity_GenderAge': tensor(0.),
          'val_f1': tensor(0.8014),
          'val_loss': 0.32096028327941895,
          'val_precision': tensor(0.7470),
          'val_recall': tensor(0.8643),
          'val_requirements': 0.066}
message: {'early_stopping': 0,
          'model_checkpoint': 1,
          'train_accuracy': tensor(0.8642),
          'train_demographic_parity_Gender': tensor(0.),
          'train_demographic_parity_GenderAge': tensor(0.),
          'train_f1': tensor(0.8013),
          'train_loss': 0.3164496421813965,
          'train_precision': tensor(0.7469),
          'train_recall': tensor(0.8642),
          'train_requirements': 0.066,
          'val_accuracy': tensor(0.8643),
          'val_demographic_parity_Gender': tensor(0.),
          'val_demographic_parity_GenderAge': tensor(0.),
          'val_f1': tensor(0.8014),
          'val_loss': 0.3175382614135742,
          'val_precision': tensor(0.7470),
          'val_recall': tensor(0.8643),
          'val_requirements': 0.066}
message: {'early_stopping': 0,
          'model_checkpoint': 0,
          'train_accuracy': tensor(0.8642),
          'train_demographic_parity_Gender': tensor(0.),
          'train_demographic_parity_GenderAge': tensor(0.),
          'train_f1': tensor(0.8013),
          'train_loss': 0.313938707113266,
          'train_precision': tensor(0.7469),
          'train_recall': tensor(0.8642),
          'train_requirements': 0.066,
          'val_accuracy': tensor(0.8643),
          'val_demographic_parity_Gender': tensor(0.),
          'val_demographic_parity_GenderAge': tensor(0.),
          'val_f1': tensor(0.8014),
          'val_loss': 0.31479284167289734,
          'val_precision': tensor(0.7470),
          'val_recall': tensor(0.8643),
          'val_requirements': 0.066}
message: {'early_stopping': 0,
          'model_checkpoint': 0,
          'train_accuracy': tensor(0.8642),
          'train_demographic_parity_Gender': tensor(0.),
          'train_demographic_parity_GenderAge': tensor(0.),
          'train_f1': tensor(0.8013),
          'train_loss': 0.31146439909935,
          'train_precision': tensor(0.7469),
          'train_recall': tensor(0.8642),
          'train_requirements': 0.066,
          'val_accuracy': tensor(0.8643),
          'val_demographic_parity_Gender': tensor(0.),
          'val_demographic_parity_GenderAge': tensor(0.),
          'val_f1': tensor(0.8014),
          'val_loss': 0.3124011158943176,
          'val_precision': tensor(0.7470),
          'val_recall': tensor(0.8643),
          'val_requirements': 0.066}
message: {'final_train_accuracy': tensor(0.8642),
          'final_train_demographic_parity_Gender': tensor(0.),
          'final_train_demographic_parity_GenderAge': tensor(0.),
          'final_train_f1': tensor(0.8013),
          'final_train_loss': 0.3164496421813965,
          'final_train_precision': tensor(0.7469),
          'final_train_recall': tensor(0.8642),
          'final_train_requirements': 0.066,
          'final_val_accuracy': tensor(0.8643),
          'final_val_demographic_parity_Gender': tensor(0.),
          'final_val_demographic_parity_GenderAge': tensor(0.),
          'final_val_f1': tensor(0.8014),
          'final_val_loss': 0.3175382614135742,
          'final_val_precision': tensor(0.7470),
          'final_val_recall': tensor(0.8643),
          'final_val_requirements': 0.066}
message: {'global_train_accuracy': tensor(0.8642),
          'global_train_demographic_parity_Gender': tensor(0.),
          'global_train_demographic_parity_GenderAge': tensor(0.),
          'global_train_f1': tensor(0.8013),
          'global_train_loss': 0.3164496421813965,
          'global_train_precision': tensor(0.7469),
          'global_train_recall': tensor(0.8642),
          'global_train_requirements': 0.066,
          'global_val_accuracy': tensor(0.8643),
          'global_val_demographic_parity_Gender': tensor(0.),
          'global_val_demographic_parity_GenderAge': tensor(0.),
          'global_val_f1': tensor(0.8014),
          'global_val_loss': 0.3175382614135742,
          'global_val_precision': tensor(0.7470),
          'global_val_recall': tensor(0.8643),
          'global_val_requirements': 0.066,
          'local_train_accuracy': tensor(0.8642),
          'local_train_demographic_parity_Gender': tensor(0.),
          'local_train_demographic_parity_GenderAge': tensor(0.),
          'local_train_f1': tensor(0.8013),
          'local_train_loss': 0.3164496421813965,
          'local_train_precision': tensor(0.7469),
          'local_train_recall': tensor(0.8642),
          'local_train_requirements': 0.066,
          'local_val_accuracy': tensor(0.8643),
          'local_val_demographic_parity_Gender': tensor(0.),
          'local_val_demographic_parity_GenderAge': tensor(0.),
          'local_val_f1': tensor(0.8014),
          'local_val_loss': 0.3175382614135742,
          'local_val_precision': tensor(0.7470),
          'local_val_recall': tensor(0.8643),
          'local_val_requirements': 0.066}
message: {'train_accuracy': tensor(0.8642),
          'train_demographic_parity_Gender': tensor(0.),
          'train_demographic_parity_GenderAge': tensor(0.),
          'train_f1': tensor(0.8013),
          'train_loss': 0.3164496421813965,
          'train_precision': tensor(0.7469),
          'train_recall': tensor(0.8642),
          'train_requirements': 0.066,
          'val_accuracy': tensor(0.8643),
          'val_demographic_parity_Gender': tensor(0.),
          'val_demographic_parity_GenderAge': tensor(0.),
          'val_f1': tensor(0.8014),
          'val_loss': 0.3175382614135742,
          'val_precision': tensor(0.7470),
          'val_recall': tensor(0.8643),
          'val_requirements': 0.066}
message: {'early_stopping': 0,
          'model_checkpoint': 0,
          'train_accuracy': tensor(0.8642),
          'train_demographic_parity_Gender': tensor(0.),
          'train_demographic_parity_GenderAge': tensor(0.),
          'train_f1': tensor(0.8013),
          'train_loss': 0.3164496421813965,
          'train_precision': tensor(0.7469),
          'train_recall': tensor(0.8642),
          'train_requirements': 0.066,
          'val_accuracy': tensor(0.8643),
          'val_demographic_parity_Gender': tensor(0.),
          'val_demographic_parity_GenderAge': tensor(0.),
          'val_f1': tensor(0.8014),
          'val_loss': 0.3175382614135742,
          'val_precision': tensor(0.7470),
          'val_recall': tensor(0.8643),
          'val_requirements': 0.066}
message: {'final_train_accuracy': tensor(0.8642),
          'final_train_demographic_parity_Gender': tensor(0.),
          'final_train_demographic_parity_GenderAge': tensor(0.),
          'final_train_f1': tensor(0.8013),
          'final_train_loss': 0.3200548589229584,
          'final_train_precision': tensor(0.7469),
          'final_train_recall': tensor(0.8642),
          'final_train_requirements': 0.066,
          'final_val_accuracy': tensor(0.8643),
          'final_val_demographic_parity_Gender': tensor(0.),
          'final_val_demographic_parity_GenderAge': tensor(0.),
          'final_val_f1': tensor(0.8014),
          'final_val_loss': 0.32096028327941895,
          'final_val_precision': tensor(0.7470),
          'final_val_recall': tensor(0.8643),
          'final_val_requirements': 0.066}
message: {'local_train_accuracy': tensor(0.8642),
          'local_train_demographic_parity_Gender': tensor(0.),
          'local_train_demographic_parity_GenderAge': tensor(0.),
          'local_train_f1': tensor(0.8013),
          'local_train_loss': 0.3200548589229584,
          'local_train_precision': tensor(0.7469),
          'local_train_recall': tensor(0.8642),
          'local_train_requirements': 0.066,
          'local_val_accuracy': tensor(0.8643),
          'local_val_demographic_parity_Gender': tensor(0.),
          'local_val_demographic_parity_GenderAge': tensor(0.),
          'local_val_f1': tensor(0.8014),
          'local_val_loss': 0.32096028327941895,
          'local_val_precision': tensor(0.7470),
          'local_val_recall': tensor(0.8643),
          'local_val_requirements': 0.066}
message: {'final_global_train_accuracy': tensor(0.8642),
          'final_global_train_demographic_parity_Gender': tensor(0.),
          'final_global_train_demographic_parity_GenderAge': tensor(0.),
          'final_global_train_f1': tensor(0.8013),
          'final_global_train_loss': 0.3200548589229584,
          'final_global_train_precision': tensor(0.7469),
          'final_global_train_recall': tensor(0.8642),
          'final_global_train_requirements': 0.066,
          'final_global_val_accuracy': tensor(0.8643),
          'final_global_val_demographic_parity_Gender': tensor(0.),
          'final_global_val_demographic_parity_GenderAge': tensor(0.),
          'final_global_val_f1': tensor(0.8014),
          'final_global_val_loss': 0.32096028327941895,
          'final_global_val_precision': tensor(0.7470),
          'final_global_val_recall': tensor(0.8643),
          'final_global_val_requirements': 0.066,
          'final_local_train_accuracy': tensor(0.8642),
          'final_local_train_demographic_parity_Gender': tensor(0.),
          'final_local_train_demographic_parity_GenderAge': tensor(0.),
          'final_local_train_f1': tensor(0.8013),
          'final_local_train_loss': 0.3200548589229584,
          'final_local_train_precision': tensor(0.7469),
          'final_local_train_recall': tensor(0.8642),
          'final_local_train_requirements': 0.066,
          'final_local_val_accuracy': tensor(0.8643),
          'final_local_val_demographic_parity_Gender': tensor(0.),
          'final_local_val_demographic_parity_GenderAge': tensor(0.),
          'final_local_val_f1': tensor(0.8014),
          'final_local_val_loss': 0.32096028327941895,
          'final_local_val_precision': tensor(0.7470),
          'final_local_val_recall': tensor(0.8643),
          'final_local_val_requirements': 0.066}
