message: {'global_early_stopping': 0,
          'global_round': 1,
          'global_train_accuracy': 0.86421335,
          'global_train_demographic_parity_Gender': 0.0,
          'global_train_demographic_parity_GenderAge': 0.0,
          'global_train_f1': 0.80126536,
          'global_train_loss': 0.3200548589229584,
          'global_train_precision': 0.74686474,
          'global_train_recall': 0.86421335,
          'global_train_requirements': 0.066,
          'global_val_accuracy': 0.86429995,
          'global_val_demographic_parity_Gender': 0.0,
          'global_val_demographic_parity_GenderAge': 0.0,
          'global_val_f1': 0.8013887,
          'global_val_loss': 0.32096028327941895,
          'global_val_precision': 0.7470144,
          'global_val_recall': 0.86429995,
          'global_val_requirements': 0.066}
message: {'global_early_stopping': 0,
          'global_round': 2,
          'global_train_accuracy': 0.86421335,
          'global_train_demographic_parity_Gender': 0.0,
          'global_train_demographic_parity_GenderAge': 0.0,
          'global_train_f1': 0.80126536,
          'global_train_loss': 0.3164496421813965,
          'global_train_precision': 0.74686474,
          'global_train_recall': 0.86421335,
          'global_train_requirements': 0.066,
          'global_val_accuracy': 0.86429995,
          'global_val_demographic_parity_Gender': 0.0,
          'global_val_demographic_parity_GenderAge': 0.0,
          'global_val_f1': 0.8013887,
          'global_val_loss': 0.3175382614135742,
          'global_val_precision': 0.7470144,
          'global_val_recall': 0.86429995,
          'global_val_requirements': 0.066}
message: {'final_global_train_accuracy': 0.86421335,
          'final_global_train_demographic_parity_Gender': 0.0,
          'final_global_train_demographic_parity_GenderAge': 0.0,
          'final_global_train_f1': 0.80126536,
          'final_global_train_loss': 0.3200548589229584,
          'final_global_train_precision': 0.74686474,
          'final_global_train_recall': 0.86421335,
          'final_global_train_requirements': 0.066,
          'final_global_val_accuracy': 0.86429995,
          'final_global_val_demographic_parity_Gender': 0.0,
          'final_global_val_demographic_parity_GenderAge': 0.0,
          'final_global_val_f1': 0.8013887,
          'final_global_val_loss': 0.32096028327941895,
          'final_global_val_precision': 0.7470144,
          'final_global_val_recall': 0.86429995,
          'final_global_val_requirements': 0.066}
